# GNU Make 4.3
 
# Built for x86_64-pc-linux-gnu
 
# Copyright (C) 1988-2020 Free Software Foundation, Inc.
 
# License GPLv3+: GNU GPL version 3 or later <http://gnu.org/licenses/gpl.html>
 
# This is free software: you are free to change and redistribute it.
 
# There is NO WARRANTY, to the extent permitted by law.
 

 
# Make data base, printed on Tue Aug 16 15:06:16 2022
 

# Variables
 

# makefile (from 'Makefile', line 26)
OBJ = $(addprefix $(OBJ_PATH), $(OBJ_NAME))
# environment
LC_ALL = C
# makefile (from 'Makefile', line 25)
SRC = $(addprefix $(SRC_PATH), $(SRC_NAME))
# makefile (from 'Makefile', line 15)
SRC_PATH = ./srcs/
# environment
VSCODE_CWD = /home/ede-alme
# default
MAKE_COMMAND := make
# environment
VSCODE_HANDLES_SIGPIPE = true
# automatic
@D = $(patsubst %/,%,$(dir $@))
# environment
VSCODE_HANDLES_UNCAUGHT_ERRORS = true
# default
.VARIABLES := 
# environment
PWD = /home/ede-alme/42_Lisboa/Philosophers/philo
# automatic
%D = $(patsubst %/,%,$(dir $%))
# makefile (from 'Makefile', line 30)
FLAG = thread
 
# automatic
^D = $(patsubst %/,%,$(dir $^))
# automatic
%F = $(notdir $%)
# environment
LANG = C
# default
.LOADED := 
# default
.INCLUDE_DIRS = /usr/local/include /usr/include /usr/include
# makefile
MAKEFLAGS = pqrR
# makefile
CURDIR := /home/ede-alme/42_Lisboa/Philosophers/philo
# environment
APPLICATION_INSIGHTS_NO_DIAGNOSTIC_CHANNEL = true
# automatic
*D = $(patsubst %/,%,$(dir $*))
# makefile (from 'Makefile', line 17)
INC_PATH = ./includes/
# environment
MFLAGS = -pqrR
# default
.SHELLFLAGS := -c
# automatic
+D = $(patsubst %/,%,$(dir $+))
# makefile (from 'Makefile', line 1)
MAKEFILE_LIST := Makefile
# automatic
@F = $(notdir $@)
# makefile (from 'Makefile', line 19)
SRC_NAME = main.c threads.c utils.c 
# environment
XDG_SESSION_TYPE = tty
# automatic
?D = $(patsubst %/,%,$(dir $?))
# automatic
*F = $(notdir $*)
# automatic
<D = $(patsubst %/,%,$(dir $<))
# environment
VSCODE_NLS_CONFIG = {"locale":"en","availableLanguages":{}}
# default
MAKE_HOST := x86_64-pc-linux-gnu
# makefile
SHELL = /bin/sh
# default
MAKECMDGOALS := all
# environment
SHLVL = 0
# makefile (from 'Makefile', line 32)
ARGS = 5 100 30 30
# environment
MAKELEVEL := 0
# default
MAKE = $(MAKE_COMMAND)
# makefile (from 'Makefile', line 16)
OBJ_PATH = ./objs/
# environment
PATH = /home/ede-alme/.vscode-server/bin/6d9b74a70ca9c7733b29f0456fd8195364076dda/bin/remote-cli:/home/ede-alme/.local/bin:/usr/local/bin:/usr/bin:/bin:/usr/local/games:/usr/games
# default
MAKEFILES := 
# environment
MOTD_SHOWN = pam
# automatic
^F = $(notdir $^)
# environment
SSH_CLIENT = 148.69.131.166 31361 42
# automatic
?F = $(notdir $?)
# makefile (from 'Makefile', line 13)
NAME = philo
# makefile (from 'Makefile', line 23)
OBJ_NAME = $(SRC_NAME:.c=.o)
# environment
LS_COLORS = 
# automatic
+F = $(notdir $+)
# 'override' directive
GNUMAKEFLAGS := 
# environment
BROWSER = /home/ede-alme/.vscode-server/bin/6d9b74a70ca9c7733b29f0456fd8195364076dda/bin/helpers/browser.sh
# environment
LOGNAME = ede-alme
# makefile
.DEFAULT_GOAL := philo
# environment
USER = ede-alme
# default
MAKE_VERSION := 4.3
# environment
VSCODE_AGENT_FOLDER = /home/ede-alme/.vscode-server
# environment
_ = /home/ede-alme/.vscode-server/bin/6d9b74a70ca9c7733b29f0456fd8195364076dda/node
# environment
XDG_RUNTIME_DIR = /run/user/1001
# makefile (from 'Makefile', line 29)
CFLAGS = -g -fsanitize=$(FLAG) -lpthread -Wall -Wextra -Werror
# environment
VSCODE_IPC_HOOK_CLI = /run/user/1001/vscode-ipc-1a9f0224-d27c-474a-b968-ec30405f76c2.sock
# environment
XDG_SESSION_CLASS = user
# environment
VSCODE_AMD_ENTRYPOINT = vs/workbench/api/node/extensionHostProcess
# environment
HOME = /home/ede-alme
# environment
ELECTRON_RUN_AS_NODE = 1
# environment
XDG_SESSION_ID = 67
# default
.RECIPEPREFIX := 
# automatic
<F = $(notdir $<)
# default
SUFFIXES := 
# default
.FEATURES := target-specific order-only second-expansion else-if shortest-stem undefine oneshell nocomment grouped-target extra-prereqs archives jobserver output-sync check-symlink load
# makefile (from 'Makefile', line 28)
CC = gcc
# environment
SSH_CONNECTION = 148.69.131.166 31361 51.210.107.35 42
# variable set hash-table stats:
# Load=74/1024=7%, Rehash=0, Collisions=2/112=2%

# Pattern-specific Variable Values

# No pattern-specific variable values.

# Directories

# . (device 2049, inode 526188): 8 files, no impossibilities.
# srcs (device 2049, inode 526558): 5 files, no impossibilities so far.

# 13 files, no impossibilities in 2 directories.

# Implicit Rules

objs/%.o: srcs/%.c
#  recipe to execute (from 'Makefile', line 35):
	@mkdir -p $(OBJ_PATH)
	$(CC) $(CFLAGS) -I $(INC_PATH) -o $@ -c $<

# 1 implicit rules, 0 (0.0%) terminal.
# Files

# Not a target:
Makefile:
#  Implicit rule search has been done.
#  Last modified 2022-08-15 18:00:29.380151195
#  File has been updated.
#  Successfully updated.

clean:
#  Phony target (prerequisite of .PHONY).
#  Implicit rule search has not been done.
#  File does not exist.
#  File has not been updated.
#  recipe to execute (from 'Makefile', line 48):
	rm -rf $(OBJ_PATH)

valgrind: fclean
#  Implicit rule search has not been done.
#  Modification time never checked.
#  File has not been updated.
#  recipe to execute (from 'Makefile', line 43):
	gcc -g -Wall -Wextra -Werror -pthread -I $(INC_PATH) $(SRC) -o ./philo
	valgrind -s --leak-check=full --show-leak-kinds=all ./philo $(ARGS)
	@echo "---> Finished valgrind test with $(ARGS) ARGS <---"

# Not a target:
srcs/utils.c:
#  Implicit rule search has been done.
#  Last modified 2022-08-15 20:38:27.552719249
#  File has been updated.
#  Successfully updated.

re: fclean all
#  Phony target (prerequisite of .PHONY).
#  Implicit rule search has not been done.
#  File does not exist.
#  File has not been updated.

objs/main.o: srcs/main.c
#  Implicit rule search has been done.
#  Implicit/static pattern stem: 'main'
#  Last modified 2022-08-15 23:06:20.654739678
#  File has been updated.
#  Successfully updated.
#  recipe to execute (from 'Makefile', line 35):
	@mkdir -p $(OBJ_PATH)
	$(CC) $(CFLAGS) -I $(INC_PATH) -o $@ -c $<

# Not a target:
.DEFAULT:
#  Implicit rule search has not been done.
#  Modification time never checked.
#  File has not been updated.

all: philo
#  Phony target (prerequisite of .PHONY).
#  Command line target.
#  Implicit rule search has not been done.
#  File does not exist.
#  File has been updated.
#  Successfully updated.

fclean: clean
#  Phony target (prerequisite of .PHONY).
#  Implicit rule search has not been done.
#  File does not exist.
#  File has not been updated.
#  recipe to execute (from 'Makefile', line 51):
	rm -rf $(NAME)

objs/threads.o: srcs/threads.c
#  Implicit rule search has been done.
#  Implicit/static pattern stem: 'threads'
#  Last modified 2022-08-15 23:06:20.726739661
#  File has been updated.
#  Successfully updated.
#  recipe to execute (from 'Makefile', line 35):
	@mkdir -p $(OBJ_PATH)
	$(CC) $(CFLAGS) -I $(INC_PATH) -o $@ -c $<

philo: objs/main.o objs/threads.o objs/utils.o
#  Implicit rule search has not been done.
#  Last modified 2022-08-15 23:06:21.018739592
#  File has been updated.
#  Successfully updated.
#  recipe to execute (from 'Makefile', line 39):
	$(CC) $(CFLAGS) $(OBJ) -o $@

# Not a target:
srcs/threads.c:
#  Implicit rule search has been done.
#  Last modified 2022-08-15 22:00:29.575760861
#  File has been updated.
#  Successfully updated.

.PHONY: all clean fclean re
#  Implicit rule search has not been done.
#  Modification time never checked.
#  File has not been updated.

# Not a target:
srcs/main.c:
#  Implicit rule search has been done.
#  Last modified 2022-08-15 21:27:52.920179798
#  File has been updated.
#  Successfully updated.

objs/utils.o: srcs/utils.c
#  Implicit rule search has been done.
#  Implicit/static pattern stem: 'utils'
#  Last modified 2022-08-15 23:06:20.886739623
#  File has been updated.
#  Successfully updated.
#  recipe to execute (from 'Makefile', line 35):
	@mkdir -p $(OBJ_PATH)
	$(CC) $(CFLAGS) -I $(INC_PATH) -o $@ -c $<

# files hash-table stats:
# Load=16/1024=2%, Rehash=0, Collisions=0/49=0%
# VPATH Search Paths

# No 'vpath' search paths.

# No general ('VPATH' variable) search path.

# strcache buffers: 1 (0) / strings = 32 / storage = 276 B / avg = 8 B
# current buf: size = 8162 B / used = 276 B / count = 32 / avg = 8 B

# strcache performance: lookups = 60 / hit rate = 46%
# hash-table stats:
# Load=32/8192=0%, Rehash=0, Collisions=0/60=0%
# Finished Make data base on Tue Aug 16 15:06:16 2022

 
